{"/Users/tigerhong/hack-reactor/atelier-muon/client/src/App.jsx": {"path":"/Users/tigerhong/hack-reactor/atelier-muon/client/src/App.jsx","statementMap":{"0":{"start":{"line":5,"column":14},"end":{"line":5,"column":30}},"1":{"start":{"line":10,"column":32},"end":{"line":10,"column":50}},"2":{"start":{"line":13,"column":2},"end":{"line":15,"column":9}},"3":{"start":{"line":17,"column":21},"end":{"line":20,"column":3}},"4":{"start":{"line":18,"column":4},"end":{"line":18,"column":27}},"5":{"start":{"line":19,"column":4},"end":{"line":19,"column":27}},"6":{"start":{"line":22,"column":2},"end":{"line":28,"column":4}},"7":{"start":{"line":25,"column":92},"end":{"line":25,"column":114}}},"fnMap":{"0":{"name":"App","decl":{"start":{"line":8,"column":24},"end":{"line":8,"column":27}},"loc":{"start":{"line":8,"column":30},"end":{"line":29,"column":1}},"line":8},"1":{"name":"(anonymous_1)","decl":{"start":{"line":13,"column":12},"end":{"line":13,"column":13}},"loc":{"start":{"line":13,"column":18},"end":{"line":15,"column":3}},"line":13},"2":{"name":"(anonymous_2)","decl":{"start":{"line":17,"column":21},"end":{"line":17,"column":22}},"loc":{"start":{"line":17,"column":37},"end":{"line":20,"column":3}},"line":17},"3":{"name":"(anonymous_3)","decl":{"start":{"line":25,"column":76},"end":{"line":25,"column":77}},"loc":{"start":{"line":25,"column":92},"end":{"line":25,"column":114}},"line":25}},"branchMap":{},"s":{"0":1,"1":0,"2":0,"3":0,"4":0,"5":0,"6":0,"7":0},"f":{"0":0,"1":0,"2":0,"3":0},"b":{},"_coverageSchema":"1a1c01bbd47fc00a2c39e90264f33305004495a9","hash":"f4e6f0df6a2a84c533e6a699eb16f9a5d0d1ffb1"}
,"/Users/tigerhong/hack-reactor/atelier-muon/client/src/components/Global/Price.jsx": {"path":"/Users/tigerhong/hack-reactor/atelier-muon/client/src/components/Global/Price.jsx","statementMap":{"0":{"start":{"line":5,"column":4},"end":{"line":5,"column":17}},"1":{"start":{"line":6,"column":4},"end":{"line":8,"column":5}},"2":{"start":{"line":14,"column":4},"end":{"line":18,"column":5}},"3":{"start":{"line":15,"column":6},"end":{"line":15,"column":54}},"4":{"start":{"line":17,"column":6},"end":{"line":17,"column":92}},"5":{"start":{"line":20,"column":4},"end":{"line":24,"column":5}}},"fnMap":{"0":{"name":"(anonymous_0)","decl":{"start":{"line":4,"column":2},"end":{"line":4,"column":3}},"loc":{"start":{"line":4,"column":21},"end":{"line":9,"column":3}},"line":4},"1":{"name":"(anonymous_1)","decl":{"start":{"line":12,"column":2},"end":{"line":12,"column":3}},"loc":{"start":{"line":12,"column":12},"end":{"line":25,"column":3}},"line":12}},"branchMap":{"0":{"loc":{"start":{"line":14,"column":4},"end":{"line":18,"column":5}},"type":"if","locations":[{"start":{"line":14,"column":4},"end":{"line":18,"column":5}},{"start":{"line":16,"column":11},"end":{"line":18,"column":5}}],"line":14}},"s":{"0":2,"1":2,"2":2,"3":1,"4":1,"5":2},"f":{"0":2,"1":2},"b":{"0":[1,1]},"_coverageSchema":"1a1c01bbd47fc00a2c39e90264f33305004495a9","hash":"31ae4570bf7e8d704e22c12f84326bcc3c23122d"}
,"/Users/tigerhong/hack-reactor/atelier-muon/client/src/components/Global/Star.jsx": {"path":"/Users/tigerhong/hack-reactor/atelier-muon/client/src/components/Global/Star.jsx","statementMap":{"0":{"start":{"line":5,"column":4},"end":{"line":5,"column":17}},"1":{"start":{"line":6,"column":4},"end":{"line":8,"column":5}},"2":{"start":{"line":12,"column":14},"end":{"line":12,"column":16}},"3":{"start":{"line":13,"column":4},"end":{"line":29,"column":5}},"4":{"start":{"line":13,"column":17},"end":{"line":13,"column":18}},"5":{"start":{"line":14,"column":6},"end":{"line":28,"column":7}},"6":{"start":{"line":15,"column":8},"end":{"line":15,"column":30}},"7":{"start":{"line":16,"column":8},"end":{"line":16,"column":19}},"8":{"start":{"line":17,"column":13},"end":{"line":28,"column":7}},"9":{"start":{"line":18,"column":8},"end":{"line":18,"column":38}},"10":{"start":{"line":19,"column":8},"end":{"line":19,"column":18}},"11":{"start":{"line":20,"column":13},"end":{"line":28,"column":7}},"12":{"start":{"line":21,"column":8},"end":{"line":21,"column":30}},"13":{"start":{"line":22,"column":8},"end":{"line":22,"column":18}},"14":{"start":{"line":23,"column":13},"end":{"line":28,"column":7}},"15":{"start":{"line":24,"column":8},"end":{"line":24,"column":33}},"16":{"start":{"line":25,"column":8},"end":{"line":25,"column":18}},"17":{"start":{"line":27,"column":8},"end":{"line":27,"column":21}},"18":{"start":{"line":30,"column":4},"end":{"line":30,"column":15}},"19":{"start":{"line":34,"column":18},"end":{"line":34,"column":54}},"20":{"start":{"line":35,"column":4},"end":{"line":39,"column":5}},"21":{"start":{"line":37,"column":33},"end":{"line":37,"column":92}}},"fnMap":{"0":{"name":"(anonymous_0)","decl":{"start":{"line":4,"column":2},"end":{"line":4,"column":3}},"loc":{"start":{"line":4,"column":21},"end":{"line":9,"column":3}},"line":4},"1":{"name":"(anonymous_1)","decl":{"start":{"line":11,"column":2},"end":{"line":11,"column":3}},"loc":{"start":{"line":11,"column":21},"end":{"line":31,"column":3}},"line":11},"2":{"name":"(anonymous_2)","decl":{"start":{"line":33,"column":2},"end":{"line":33,"column":3}},"loc":{"start":{"line":33,"column":12},"end":{"line":40,"column":3}},"line":33},"3":{"name":"(anonymous_3)","decl":{"start":{"line":37,"column":19},"end":{"line":37,"column":20}},"loc":{"start":{"line":37,"column":33},"end":{"line":37,"column":92}},"line":37}},"branchMap":{"0":{"loc":{"start":{"line":14,"column":6},"end":{"line":28,"column":7}},"type":"if","locations":[{"start":{"line":14,"column":6},"end":{"line":28,"column":7}},{"start":{"line":17,"column":13},"end":{"line":28,"column":7}}],"line":14},"1":{"loc":{"start":{"line":17,"column":13},"end":{"line":28,"column":7}},"type":"if","locations":[{"start":{"line":17,"column":13},"end":{"line":28,"column":7}},{"start":{"line":20,"column":13},"end":{"line":28,"column":7}}],"line":17},"2":{"loc":{"start":{"line":20,"column":13},"end":{"line":28,"column":7}},"type":"if","locations":[{"start":{"line":20,"column":13},"end":{"line":28,"column":7}},{"start":{"line":23,"column":13},"end":{"line":28,"column":7}}],"line":20},"3":{"loc":{"start":{"line":23,"column":13},"end":{"line":28,"column":7}},"type":"if","locations":[{"start":{"line":23,"column":13},"end":{"line":28,"column":7}},{"start":{"line":26,"column":13},"end":{"line":28,"column":7}}],"line":23}},"s":{"0":2,"1":2,"2":2,"3":2,"4":2,"5":10,"6":3,"7":3,"8":7,"9":0,"10":0,"11":7,"12":1,"13":1,"14":6,"15":0,"16":0,"17":6,"18":2,"19":2,"20":2,"21":10},"f":{"0":2,"1":2,"2":2,"3":10},"b":{"0":[3,7],"1":[0,7],"2":[1,6],"3":[0,6]},"_coverageSchema":"1a1c01bbd47fc00a2c39e90264f33305004495a9","hash":"ec5501cf04c11153ff2334a33a26bebedf19578e"}
,"/Users/tigerhong/hack-reactor/atelier-muon/client/src/components/Product Overview/Product Overview.jsx": {"path":"/Users/tigerhong/hack-reactor/atelier-muon/client/src/components/Product Overview/Product Overview.jsx","statementMap":{"0":{"start":{"line":12,"column":46},"end":{"line":12,"column":58}},"1":{"start":{"line":13,"column":44},"end":{"line":13,"column":56}},"2":{"start":{"line":14,"column":42},"end":{"line":14,"column":54}},"3":{"start":{"line":15,"column":36},"end":{"line":15,"column":48}},"4":{"start":{"line":16,"column":30},"end":{"line":16,"column":41}},"5":{"start":{"line":17,"column":28},"end":{"line":17,"column":40}},"6":{"start":{"line":18,"column":36},"end":{"line":18,"column":48}},"7":{"start":{"line":20,"column":34},"end":{"line":20,"column":46}},"8":{"start":{"line":21,"column":26},"end":{"line":21,"column":38}},"9":{"start":{"line":22,"column":26},"end":{"line":22,"column":49}},"10":{"start":{"line":23,"column":42},"end":{"line":23,"column":55}},"11":{"start":{"line":24,"column":32},"end":{"line":24,"column":43}},"12":{"start":{"line":25,"column":32},"end":{"line":25,"column":43}},"13":{"start":{"line":31,"column":2},"end":{"line":37,"column":4}},"14":{"start":{"line":32,"column":4},"end":{"line":36,"column":5}},"15":{"start":{"line":33,"column":6},"end":{"line":33,"column":17}},"16":{"start":{"line":34,"column":6},"end":{"line":34,"column":18}},"17":{"start":{"line":35,"column":6},"end":{"line":35,"column":17}},"18":{"start":{"line":43,"column":17},"end":{"line":43,"column":19}},"19":{"start":{"line":44,"column":4},"end":{"line":50,"column":5}},"20":{"start":{"line":44,"column":17},"end":{"line":44,"column":18}},"21":{"start":{"line":45,"column":6},"end":{"line":49,"column":7}},"22":{"start":{"line":46,"column":8},"end":{"line":46,"column":26}},"23":{"start":{"line":48,"column":8},"end":{"line":48,"column":27}},"24":{"start":{"line":51,"column":4},"end":{"line":51,"column":25}},"25":{"start":{"line":56,"column":4},"end":{"line":60,"column":5}},"26":{"start":{"line":56,"column":17},"end":{"line":56,"column":18}},"27":{"start":{"line":57,"column":6},"end":{"line":59,"column":7}},"28":{"start":{"line":58,"column":8},"end":{"line":58,"column":23}},"29":{"start":{"line":61,"column":16},"end":{"line":61,"column":98}},"30":{"start":{"line":62,"column":20},"end":{"line":62,"column":102}},"31":{"start":{"line":63,"column":18},"end":{"line":63,"column":35}},"32":{"start":{"line":64,"column":4},"end":{"line":64,"column":22}},"33":{"start":{"line":65,"column":4},"end":{"line":65,"column":25}},"34":{"start":{"line":69,"column":16},"end":{"line":69,"column":18}},"35":{"start":{"line":70,"column":4},"end":{"line":75,"column":5}},"36":{"start":{"line":71,"column":6},"end":{"line":74,"column":7}},"37":{"start":{"line":72,"column":8},"end":{"line":72,"column":40}},"38":{"start":{"line":73,"column":8},"end":{"line":73,"column":35}},"39":{"start":{"line":76,"column":4},"end":{"line":76,"column":19}},"40":{"start":{"line":82,"column":4},"end":{"line":95,"column":38}},"41":{"start":{"line":86,"column":8},"end":{"line":86,"column":44}},"42":{"start":{"line":87,"column":8},"end":{"line":87,"column":54}},"43":{"start":{"line":88,"column":8},"end":{"line":88,"column":40}},"44":{"start":{"line":89,"column":8},"end":{"line":89,"column":105}},"45":{"start":{"line":90,"column":8},"end":{"line":90,"column":46}},"46":{"start":{"line":91,"column":8},"end":{"line":91,"column":37}},"47":{"start":{"line":92,"column":8},"end":{"line":92,"column":67}},"48":{"start":{"line":93,"column":8},"end":{"line":93,"column":35}},"49":{"start":{"line":95,"column":20},"end":{"line":95,"column":36}},"50":{"start":{"line":99,"column":4},"end":{"line":107,"column":36}},"51":{"start":{"line":102,"column":6},"end":{"line":102,"column":44}},"52":{"start":{"line":103,"column":20},"end":{"line":103,"column":22}},"53":{"start":{"line":104,"column":6},"end":{"line":104,"column":29}},"54":{"start":{"line":105,"column":6},"end":{"line":105,"column":33}},"55":{"start":{"line":107,"column":18},"end":{"line":107,"column":34}},"56":{"start":{"line":111,"column":25},"end":{"line":111,"column":60}},"57":{"start":{"line":112,"column":4},"end":{"line":112,"column":32}},"58":{"start":{"line":113,"column":4},"end":{"line":120,"column":38}},"59":{"start":{"line":118,"column":8},"end":{"line":118,"column":43}},"60":{"start":{"line":120,"column":20},"end":{"line":120,"column":36}},"61":{"start":{"line":126,"column":4},"end":{"line":126,"column":23}},"62":{"start":{"line":130,"column":4},"end":{"line":130,"column":47}},"63":{"start":{"line":132,"column":4},"end":{"line":142,"column":5}},"64":{"start":{"line":132,"column":17},"end":{"line":132,"column":18}},"65":{"start":{"line":133,"column":6},"end":{"line":141,"column":7}},"66":{"start":{"line":134,"column":8},"end":{"line":134,"column":41}},"67":{"start":{"line":135,"column":8},"end":{"line":135,"column":34}},"68":{"start":{"line":136,"column":8},"end":{"line":136,"column":31}},"69":{"start":{"line":137,"column":8},"end":{"line":137,"column":29}},"70":{"start":{"line":138,"column":8},"end":{"line":138,"column":63}},"71":{"start":{"line":139,"column":8},"end":{"line":139,"column":96}},"72":{"start":{"line":140,"column":8},"end":{"line":140,"column":37}},"73":{"start":{"line":147,"column":4},"end":{"line":147,"column":23}},"74":{"start":{"line":148,"column":4},"end":{"line":148,"column":65}},"75":{"start":{"line":153,"column":4},"end":{"line":153,"column":23}},"76":{"start":{"line":155,"column":15},"end":{"line":155,"column":41}},"77":{"start":{"line":157,"column":16},"end":{"line":157,"column":18}},"78":{"start":{"line":158,"column":4},"end":{"line":162,"column":5}},"79":{"start":{"line":158,"column":17},"end":{"line":158,"column":18}},"80":{"start":{"line":159,"column":6},"end":{"line":161,"column":7}},"81":{"start":{"line":160,"column":8},"end":{"line":160,"column":22}},"82":{"start":{"line":163,"column":18},"end":{"line":163,"column":39}},"83":{"start":{"line":164,"column":4},"end":{"line":164,"column":24}},"84":{"start":{"line":165,"column":4},"end":{"line":165,"column":34}},"85":{"start":{"line":166,"column":4},"end":{"line":166,"column":24}},"86":{"start":{"line":167,"column":4},"end":{"line":167,"column":23}},"87":{"start":{"line":171,"column":4},"end":{"line":171,"column":23}},"88":{"start":{"line":173,"column":4},"end":{"line":173,"column":36}},"89":{"start":{"line":179,"column":2},"end":{"line":190,"column":3}},"90":{"start":{"line":180,"column":4},"end":{"line":187,"column":5}},"91":{"start":{"line":189,"column":4},"end":{"line":189,"column":15}}},"fnMap":{"0":{"name":"ProductOverview","decl":{"start":{"line":9,"column":9},"end":{"line":9,"column":24}},"loc":{"start":{"line":9,"column":33},"end":{"line":191,"column":1}},"line":9},"1":{"name":"(anonymous_1)","decl":{"start":{"line":31,"column":13},"end":{"line":31,"column":14}},"loc":{"start":{"line":31,"column":19},"end":{"line":37,"column":3}},"line":31},"2":{"name":"checkMarks","decl":{"start":{"line":42,"column":11},"end":{"line":42,"column":21}},"loc":{"start":{"line":42,"column":38},"end":{"line":52,"column":3}},"line":42},"3":{"name":"ratingTranslate","decl":{"start":{"line":54,"column":11},"end":{"line":54,"column":26}},"loc":{"start":{"line":54,"column":36},"end":{"line":66,"column":3}},"line":54},"4":{"name":"getSKUs","decl":{"start":{"line":68,"column":11},"end":{"line":68,"column":18}},"loc":{"start":{"line":68,"column":27},"end":{"line":77,"column":3}},"line":68},"5":{"name":"getStyles","decl":{"start":{"line":81,"column":11},"end":{"line":81,"column":20}},"loc":{"start":{"line":81,"column":24},"end":{"line":96,"column":3}},"line":81},"6":{"name":"(anonymous_6)","decl":{"start":{"line":84,"column":12},"end":{"line":84,"column":13}},"loc":{"start":{"line":84,"column":22},"end":{"line":94,"column":7}},"line":84},"7":{"name":"(anonymous_7)","decl":{"start":{"line":95,"column":13},"end":{"line":95,"column":14}},"loc":{"start":{"line":95,"column":20},"end":{"line":95,"column":36}},"line":95},"8":{"name":"getProduct","decl":{"start":{"line":98,"column":11},"end":{"line":98,"column":21}},"loc":{"start":{"line":98,"column":25},"end":{"line":108,"column":3}},"line":98},"9":{"name":"(anonymous_9)","decl":{"start":{"line":101,"column":10},"end":{"line":101,"column":11}},"loc":{"start":{"line":101,"column":20},"end":{"line":106,"column":5}},"line":101},"10":{"name":"(anonymous_10)","decl":{"start":{"line":107,"column":11},"end":{"line":107,"column":12}},"loc":{"start":{"line":107,"column":18},"end":{"line":107,"column":34}},"line":107},"11":{"name":"getRating","decl":{"start":{"line":110,"column":11},"end":{"line":110,"column":20}},"loc":{"start":{"line":110,"column":23},"end":{"line":121,"column":3}},"line":110},"12":{"name":"(anonymous_12)","decl":{"start":{"line":117,"column":12},"end":{"line":117,"column":13}},"loc":{"start":{"line":117,"column":22},"end":{"line":119,"column":7}},"line":117},"13":{"name":"(anonymous_13)","decl":{"start":{"line":120,"column":13},"end":{"line":120,"column":14}},"loc":{"start":{"line":120,"column":20},"end":{"line":120,"column":36}},"line":120},"14":{"name":"updateStyle","decl":{"start":{"line":125,"column":11},"end":{"line":125,"column":22}},"loc":{"start":{"line":125,"column":27},"end":{"line":143,"column":3}},"line":125},"15":{"name":"updatePhoto","decl":{"start":{"line":145,"column":11},"end":{"line":145,"column":22}},"loc":{"start":{"line":145,"column":27},"end":{"line":149,"column":3}},"line":145},"16":{"name":"sizeChange","decl":{"start":{"line":152,"column":11},"end":{"line":152,"column":21}},"loc":{"start":{"line":152,"column":26},"end":{"line":168,"column":3}},"line":152},"17":{"name":"quantityChange","decl":{"start":{"line":170,"column":11},"end":{"line":170,"column":25}},"loc":{"start":{"line":170,"column":30},"end":{"line":174,"column":3}},"line":170}},"branchMap":{"0":{"loc":{"start":{"line":32,"column":4},"end":{"line":36,"column":5}},"type":"if","locations":[{"start":{"line":32,"column":4},"end":{"line":36,"column":5}},{"start":{},"end":{}}],"line":32},"1":{"loc":{"start":{"line":32,"column":8},"end":{"line":32,"column":85}},"type":"binary-expr","locations":[{"start":{"line":32,"column":8},"end":{"line":32,"column":35}},{"start":{"line":32,"column":39},"end":{"line":32,"column":65}},{"start":{"line":32,"column":69},"end":{"line":32,"column":85}}],"line":32},"2":{"loc":{"start":{"line":45,"column":6},"end":{"line":49,"column":7}},"type":"if","locations":[{"start":{"line":45,"column":6},"end":{"line":49,"column":7}},{"start":{"line":47,"column":13},"end":{"line":49,"column":7}}],"line":45},"3":{"loc":{"start":{"line":57,"column":6},"end":{"line":59,"column":7}},"type":"if","locations":[{"start":{"line":57,"column":6},"end":{"line":59,"column":7}},{"start":{},"end":{}}],"line":57},"4":{"loc":{"start":{"line":71,"column":6},"end":{"line":74,"column":7}},"type":"if","locations":[{"start":{"line":71,"column":6},"end":{"line":74,"column":7}},{"start":{},"end":{}}],"line":71},"5":{"loc":{"start":{"line":133,"column":6},"end":{"line":141,"column":7}},"type":"if","locations":[{"start":{"line":133,"column":6},"end":{"line":141,"column":7}},{"start":{},"end":{}}],"line":133},"6":{"loc":{"start":{"line":159,"column":6},"end":{"line":161,"column":7}},"type":"if","locations":[{"start":{"line":159,"column":6},"end":{"line":161,"column":7}},{"start":{},"end":{}}],"line":159},"7":{"loc":{"start":{"line":179,"column":2},"end":{"line":190,"column":3}},"type":"if","locations":[{"start":{"line":179,"column":2},"end":{"line":190,"column":3}},{"start":{"line":188,"column":9},"end":{"line":190,"column":3}}],"line":179},"8":{"loc":{"start":{"line":179,"column":6},"end":{"line":179,"column":56}},"type":"binary-expr","locations":[{"start":{"line":179,"column":6},"end":{"line":179,"column":26}},{"start":{"line":179,"column":30},"end":{"line":179,"column":56}}],"line":179}},"s":{"0":0,"1":0,"2":0,"3":0,"4":0,"5":0,"6":0,"7":0,"8":0,"9":0,"10":0,"11":0,"12":0,"13":0,"14":0,"15":0,"16":0,"17":0,"18":0,"19":0,"20":0,"21":0,"22":0,"23":0,"24":0,"25":0,"26":0,"27":0,"28":0,"29":0,"30":0,"31":0,"32":0,"33":0,"34":0,"35":0,"36":0,"37":0,"38":0,"39":0,"40":0,"41":0,"42":0,"43":0,"44":0,"45":0,"46":0,"47":0,"48":0,"49":0,"50":0,"51":0,"52":0,"53":0,"54":0,"55":0,"56":0,"57":0,"58":0,"59":0,"60":0,"61":0,"62":0,"63":0,"64":0,"65":0,"66":0,"67":0,"68":0,"69":0,"70":0,"71":0,"72":0,"73":0,"74":0,"75":0,"76":0,"77":0,"78":0,"79":0,"80":0,"81":0,"82":0,"83":0,"84":0,"85":0,"86":0,"87":0,"88":0,"89":0,"90":0,"91":0},"f":{"0":0,"1":0,"2":0,"3":0,"4":0,"5":0,"6":0,"7":0,"8":0,"9":0,"10":0,"11":0,"12":0,"13":0,"14":0,"15":0,"16":0,"17":0},"b":{"0":[0,0],"1":[0,0,0],"2":[0,0],"3":[0,0],"4":[0,0],"5":[0,0],"6":[0,0],"7":[0,0],"8":[0,0]},"_coverageSchema":"1a1c01bbd47fc00a2c39e90264f33305004495a9","hash":"3f53f31995b231eeb61f57919213fb56026133d2"}
,"/Users/tigerhong/hack-reactor/atelier-muon/client/src/components/Product Overview/Overview Components/Add Cart.jsx": {"path":"/Users/tigerhong/hack-reactor/atelier-muon/client/src/components/Product Overview/Overview Components/Add Cart.jsx","statementMap":{"0":{"start":{"line":7,"column":4},"end":{"line":17,"column":5}},"1":{"start":{"line":10,"column":6},"end":{"line":10,"column":55}},"2":{"start":{"line":11,"column":6},"end":{"line":16,"column":38}},"3":{"start":{"line":14,"column":8},"end":{"line":14,"column":26}},"4":{"start":{"line":16,"column":20},"end":{"line":16,"column":36}},"5":{"start":{"line":20,"column":2},"end":{"line":50,"column":3}},"6":{"start":{"line":21,"column":4},"end":{"line":40,"column":6}},"7":{"start":{"line":25,"column":12},"end":{"line":27,"column":13}},"8":{"start":{"line":33,"column":10},"end":{"line":35,"column":11}},"9":{"start":{"line":42,"column":4},"end":{"line":49,"column":6}}},"fnMap":{"0":{"name":"AddToCart","decl":{"start":{"line":4,"column":9},"end":{"line":4,"column":18}},"loc":{"start":{"line":4,"column":27},"end":{"line":51,"column":1}},"line":4},"1":{"name":"addToCart","decl":{"start":{"line":6,"column":11},"end":{"line":6,"column":20}},"loc":{"start":{"line":6,"column":24},"end":{"line":18,"column":3}},"line":6},"2":{"name":"(anonymous_2)","decl":{"start":{"line":13,"column":12},"end":{"line":13,"column":13}},"loc":{"start":{"line":13,"column":22},"end":{"line":15,"column":7}},"line":13},"3":{"name":"(anonymous_3)","decl":{"start":{"line":16,"column":13},"end":{"line":16,"column":14}},"loc":{"start":{"line":16,"column":20},"end":{"line":16,"column":36}},"line":16},"4":{"name":"(anonymous_4)","decl":{"start":{"line":24,"column":25},"end":{"line":24,"column":26}},"loc":{"start":{"line":24,"column":42},"end":{"line":28,"column":9}},"line":24},"5":{"name":"(anonymous_5)","decl":{"start":{"line":32,"column":29},"end":{"line":32,"column":30}},"loc":{"start":{"line":32,"column":47},"end":{"line":36,"column":9}},"line":32}},"branchMap":{"0":{"loc":{"start":{"line":7,"column":4},"end":{"line":17,"column":5}},"type":"if","locations":[{"start":{"line":7,"column":4},"end":{"line":17,"column":5}},{"start":{},"end":{}}],"line":7},"1":{"loc":{"start":{"line":7,"column":8},"end":{"line":7,"column":48}},"type":"binary-expr","locations":[{"start":{"line":7,"column":8},"end":{"line":7,"column":24}},{"start":{"line":7,"column":28},"end":{"line":7,"column":48}}],"line":7},"2":{"loc":{"start":{"line":20,"column":2},"end":{"line":50,"column":3}},"type":"if","locations":[{"start":{"line":20,"column":2},"end":{"line":50,"column":3}},{"start":{"line":41,"column":9},"end":{"line":50,"column":3}}],"line":20}},"s":{"0":0,"1":0,"2":0,"3":0,"4":0,"5":2,"6":1,"7":1,"8":5,"9":1},"f":{"0":2,"1":0,"2":0,"3":0,"4":1,"5":5},"b":{"0":[0,0],"1":[0,0],"2":[1,1]},"_coverageSchema":"1a1c01bbd47fc00a2c39e90264f33305004495a9","hash":"d5b74df7df65027dd7ab733b987b496da82f39f1"}
,"/Users/tigerhong/hack-reactor/atelier-muon/client/src/components/Product Overview/Overview Components/Image Gallery.jsx": {"path":"/Users/tigerhong/hack-reactor/atelier-muon/client/src/components/Product Overview/Overview Components/Image Gallery.jsx","statementMap":{"0":{"start":{"line":6,"column":28},"end":{"line":6,"column":43}},"1":{"start":{"line":9,"column":4},"end":{"line":9,"column":18}},"2":{"start":{"line":13,"column":4},"end":{"line":13,"column":19}},"3":{"start":{"line":16,"column":2},"end":{"line":53,"column":3}},"4":{"start":{"line":17,"column":4},"end":{"line":31,"column":6}},"5":{"start":{"line":25,"column":19},"end":{"line":25,"column":20}},"6":{"start":{"line":26,"column":8},"end":{"line":28,"column":13}},"7":{"start":{"line":33,"column":4},"end":{"line":52,"column":5}},"8":{"start":{"line":45,"column":21},"end":{"line":45,"column":22}},"9":{"start":{"line":46,"column":10},"end":{"line":48,"column":15}}},"fnMap":{"0":{"name":"ImageGallery","decl":{"start":{"line":4,"column":9},"end":{"line":4,"column":21}},"loc":{"start":{"line":4,"column":30},"end":{"line":55,"column":1}},"line":4},"1":{"name":"setFlag","decl":{"start":{"line":8,"column":11},"end":{"line":8,"column":18}},"loc":{"start":{"line":8,"column":22},"end":{"line":10,"column":3}},"line":8},"2":{"name":"unsetFlag","decl":{"start":{"line":12,"column":11},"end":{"line":12,"column":20}},"loc":{"start":{"line":12,"column":24},"end":{"line":14,"column":3}},"line":12},"3":{"name":"(anonymous_3)","decl":{"start":{"line":24,"column":33},"end":{"line":24,"column":34}},"loc":{"start":{"line":24,"column":54},"end":{"line":29,"column":9}},"line":24},"4":{"name":"(anonymous_4)","decl":{"start":{"line":44,"column":35},"end":{"line":44,"column":36}},"loc":{"start":{"line":44,"column":56},"end":{"line":49,"column":11}},"line":44}},"branchMap":{"0":{"loc":{"start":{"line":16,"column":2},"end":{"line":53,"column":3}},"type":"if","locations":[{"start":{"line":16,"column":2},"end":{"line":53,"column":3}},{"start":{"line":32,"column":9},"end":{"line":53,"column":3}}],"line":16},"1":{"loc":{"start":{"line":35,"column":9},"end":{"line":42,"column":9}},"type":"cond-expr","locations":[{"start":{"line":36,"column":10},"end":{"line":39,"column":16}},{"start":{"line":41,"column":10},"end":{"line":41,"column":61}}],"line":35}},"s":{"0":1,"1":0,"2":0,"3":1,"4":1,"5":6,"6":6,"7":0,"8":0,"9":0},"f":{"0":1,"1":0,"2":0,"3":6,"4":0},"b":{"0":[1,0],"1":[0,0]},"_coverageSchema":"1a1c01bbd47fc00a2c39e90264f33305004495a9","hash":"9569f3108df015ef482391839814158640a6e281"}
,"/Users/tigerhong/hack-reactor/atelier-muon/client/src/components/Product Overview/Overview Components/Product Information.jsx": {"path":"/Users/tigerhong/hack-reactor/atelier-muon/client/src/components/Product Overview/Overview Components/Product Information.jsx","statementMap":{"0":{"start":{"line":7,"column":20},"end":{"line":7,"column":36}},"1":{"start":{"line":10,"column":18},"end":{"line":10,"column":62}},"2":{"start":{"line":11,"column":4},"end":{"line":11,"column":29}},"3":{"start":{"line":14,"column":2},"end":{"line":30,"column":3}},"4":{"start":{"line":15,"column":4},"end":{"line":27,"column":6}},"5":{"start":{"line":29,"column":4},"end":{"line":29,"column":15}}},"fnMap":{"0":{"name":"ProductInfo","decl":{"start":{"line":5,"column":9},"end":{"line":5,"column":20}},"loc":{"start":{"line":5,"column":29},"end":{"line":32,"column":1}},"line":5},"1":{"name":"reviewScroll","decl":{"start":{"line":9,"column":11},"end":{"line":9,"column":23}},"loc":{"start":{"line":9,"column":27},"end":{"line":12,"column":3}},"line":9}},"branchMap":{"0":{"loc":{"start":{"line":14,"column":2},"end":{"line":30,"column":3}},"type":"if","locations":[{"start":{"line":14,"column":2},"end":{"line":30,"column":3}},{"start":{"line":28,"column":9},"end":{"line":30,"column":3}}],"line":14}},"s":{"0":1,"1":0,"2":0,"3":1,"4":1,"5":0},"f":{"0":1,"1":0},"b":{"0":[1,0]},"_coverageSchema":"1a1c01bbd47fc00a2c39e90264f33305004495a9","hash":"94b77ac3ff5290b54c842995ec1306d99843e995"}
,"/Users/tigerhong/hack-reactor/atelier-muon/client/src/components/Product Overview/Overview Components/Style Selector.jsx": {"path":"/Users/tigerhong/hack-reactor/atelier-muon/client/src/components/Product Overview/Overview Components/Style Selector.jsx","statementMap":{"0":{"start":{"line":10,"column":2},"end":{"line":31,"column":4}},"1":{"start":{"line":14,"column":10},"end":{"line":27,"column":11}},"2":{"start":{"line":15,"column":12},"end":{"line":20,"column":13}},"3":{"start":{"line":22,"column":12},"end":{"line":26,"column":13}}},"fnMap":{"0":{"name":"StyleSelector","decl":{"start":{"line":3,"column":9},"end":{"line":3,"column":22}},"loc":{"start":{"line":3,"column":31},"end":{"line":32,"column":1}},"line":3},"1":{"name":"(anonymous_1)","decl":{"start":{"line":13,"column":25},"end":{"line":13,"column":26}},"loc":{"start":{"line":13,"column":43},"end":{"line":28,"column":9}},"line":13}},"branchMap":{"0":{"loc":{"start":{"line":14,"column":10},"end":{"line":27,"column":11}},"type":"if","locations":[{"start":{"line":14,"column":10},"end":{"line":27,"column":11}},{"start":{"line":21,"column":17},"end":{"line":27,"column":11}}],"line":14}},"s":{"0":1,"1":6,"2":1,"3":5},"f":{"0":1,"1":6},"b":{"0":[1,5]},"_coverageSchema":"1a1c01bbd47fc00a2c39e90264f33305004495a9","hash":"103b65a86c9f47d1cbe758fa242adc80b039fd1c"}
,"/Users/tigerhong/hack-reactor/atelier-muon/client/src/components/Related Products/RelatedProducts.jsx": {"path":"/Users/tigerhong/hack-reactor/atelier-muon/client/src/components/Related Products/RelatedProducts.jsx","statementMap":{"0":{"start":{"line":10,"column":4},"end":{"line":10,"column":17}},"1":{"start":{"line":11,"column":4},"end":{"line":16,"column":5}},"2":{"start":{"line":20,"column":4},"end":{"line":20,"column":26}},"3":{"start":{"line":21,"column":4},"end":{"line":21,"column":25}},"4":{"start":{"line":25,"column":4},"end":{"line":33,"column":36}},"5":{"start":{"line":28,"column":20},"end":{"line":28,"column":47}},"6":{"start":{"line":29,"column":6},"end":{"line":31,"column":8}},"7":{"start":{"line":33,"column":18},"end":{"line":33,"column":34}},"8":{"start":{"line":37,"column":17},"end":{"line":37,"column":19}},"9":{"start":{"line":38,"column":4},"end":{"line":46,"column":7}},"10":{"start":{"line":39,"column":23},"end":{"line":39,"column":63}},"11":{"start":{"line":39,"column":46},"end":{"line":39,"column":62}},"12":{"start":{"line":40,"column":6},"end":{"line":45,"column":7}},"13":{"start":{"line":41,"column":17},"end":{"line":41,"column":38}},"14":{"start":{"line":42,"column":8},"end":{"line":44,"column":9}},"15":{"start":{"line":43,"column":10},"end":{"line":43,"column":28}},"16":{"start":{"line":47,"column":4},"end":{"line":47,"column":18}},"17":{"start":{"line":51,"column":13},"end":{"line":51,"column":43}},"18":{"start":{"line":52,"column":4},"end":{"line":52,"column":22}},"19":{"start":{"line":53,"column":18},"end":{"line":53,"column":48}},"20":{"start":{"line":54,"column":4},"end":{"line":58,"column":5}},"21":{"start":{"line":55,"column":19},"end":{"line":55,"column":38}},"22":{"start":{"line":57,"column":19},"end":{"line":57,"column":23}},"23":{"start":{"line":59,"column":4},"end":{"line":74,"column":5}},"24":{"start":{"line":60,"column":17},"end":{"line":60,"column":19}},"25":{"start":{"line":61,"column":6},"end":{"line":61,"column":20}},"26":{"start":{"line":62,"column":6},"end":{"line":62,"column":59}},"27":{"start":{"line":63,"column":6},"end":{"line":65,"column":8}},"28":{"start":{"line":67,"column":6},"end":{"line":73,"column":7}},"29":{"start":{"line":68,"column":8},"end":{"line":68,"column":24}},"30":{"start":{"line":69,"column":8},"end":{"line":69,"column":63}},"31":{"start":{"line":70,"column":8},"end":{"line":72,"column":10}},"32":{"start":{"line":79,"column":18},"end":{"line":79,"column":48}},"33":{"start":{"line":80,"column":4},"end":{"line":84,"column":5}},"34":{"start":{"line":81,"column":19},"end":{"line":81,"column":38}},"35":{"start":{"line":83,"column":19},"end":{"line":83,"column":23}},"36":{"start":{"line":85,"column":4},"end":{"line":90,"column":5}},"37":{"start":{"line":85,"column":17},"end":{"line":85,"column":18}},"38":{"start":{"line":87,"column":6},"end":{"line":89,"column":7}},"39":{"start":{"line":88,"column":8},"end":{"line":88,"column":28}},"40":{"start":{"line":91,"column":4},"end":{"line":91,"column":59}},"41":{"start":{"line":92,"column":4},"end":{"line":94,"column":6}},"42":{"start":{"line":98,"column":18},"end":{"line":98,"column":48}},"43":{"start":{"line":99,"column":4},"end":{"line":103,"column":5}},"44":{"start":{"line":100,"column":19},"end":{"line":100,"column":38}},"45":{"start":{"line":102,"column":19},"end":{"line":102,"column":21}},"46":{"start":{"line":104,"column":4},"end":{"line":106,"column":6}},"47":{"start":{"line":110,"column":18},"end":{"line":110,"column":39}},"48":{"start":{"line":111,"column":4},"end":{"line":113,"column":7}},"49":{"start":{"line":117,"column":18},"end":{"line":117,"column":39}},"50":{"start":{"line":118,"column":4},"end":{"line":120,"column":7}},"51":{"start":{"line":124,"column":18},"end":{"line":124,"column":39}},"52":{"start":{"line":125,"column":4},"end":{"line":127,"column":7}},"53":{"start":{"line":131,"column":18},"end":{"line":131,"column":39}},"54":{"start":{"line":132,"column":4},"end":{"line":134,"column":7}},"55":{"start":{"line":138,"column":12},"end":{"line":138,"column":33}},"56":{"start":{"line":139,"column":12},"end":{"line":139,"column":33}},"57":{"start":{"line":140,"column":24},"end":{"line":140,"column":58}},"58":{"start":{"line":141,"column":23},"end":{"line":141,"column":56}},"59":{"start":{"line":143,"column":22},"end":{"line":143,"column":27}},"60":{"start":{"line":144,"column":21},"end":{"line":144,"column":26}},"61":{"start":{"line":146,"column":4},"end":{"line":146,"column":65}},"62":{"start":{"line":146,"column":45},"end":{"line":146,"column":63}},"63":{"start":{"line":147,"column":4},"end":{"line":147,"column":63}},"64":{"start":{"line":147,"column":44},"end":{"line":147,"column":61}},"65":{"start":{"line":148,"column":4},"end":{"line":165,"column":5}},"66":{"start":{"line":153,"column":40},"end":{"line":153,"column":123}},"67":{"start":{"line":160,"column":41},"end":{"line":161,"column":53}}},"fnMap":{"0":{"name":"(anonymous_0)","decl":{"start":{"line":9,"column":2},"end":{"line":9,"column":3}},"loc":{"start":{"line":9,"column":21},"end":{"line":17,"column":3}},"line":9},"1":{"name":"(anonymous_1)","decl":{"start":{"line":19,"column":2},"end":{"line":19,"column":3}},"loc":{"start":{"line":19,"column":22},"end":{"line":22,"column":3}},"line":19},"2":{"name":"(anonymous_2)","decl":{"start":{"line":24,"column":2},"end":{"line":24,"column":3}},"loc":{"start":{"line":24,"column":19},"end":{"line":34,"column":3}},"line":24},"3":{"name":"(anonymous_3)","decl":{"start":{"line":27,"column":10},"end":{"line":27,"column":11}},"loc":{"start":{"line":27,"column":20},"end":{"line":32,"column":5}},"line":27},"4":{"name":"(anonymous_4)","decl":{"start":{"line":33,"column":11},"end":{"line":33,"column":12}},"loc":{"start":{"line":33,"column":18},"end":{"line":33,"column":34}},"line":33},"5":{"name":"(anonymous_5)","decl":{"start":{"line":36,"column":2},"end":{"line":36,"column":3}},"loc":{"start":{"line":36,"column":21},"end":{"line":48,"column":3}},"line":36},"6":{"name":"(anonymous_6)","decl":{"start":{"line":38,"column":18},"end":{"line":38,"column":19}},"loc":{"start":{"line":38,"column":28},"end":{"line":46,"column":5}},"line":38},"7":{"name":"(anonymous_7)","decl":{"start":{"line":39,"column":35},"end":{"line":39,"column":36}},"loc":{"start":{"line":39,"column":46},"end":{"line":39,"column":62}},"line":39},"8":{"name":"(anonymous_8)","decl":{"start":{"line":50,"column":2},"end":{"line":50,"column":3}},"loc":{"start":{"line":50,"column":16},"end":{"line":75,"column":3}},"line":50},"9":{"name":"(anonymous_9)","decl":{"start":{"line":77,"column":2},"end":{"line":77,"column":3}},"loc":{"start":{"line":77,"column":19},"end":{"line":95,"column":3}},"line":77},"10":{"name":"(anonymous_10)","decl":{"start":{"line":97,"column":2},"end":{"line":97,"column":3}},"loc":{"start":{"line":97,"column":18},"end":{"line":107,"column":3}},"line":97},"11":{"name":"(anonymous_11)","decl":{"start":{"line":109,"column":2},"end":{"line":109,"column":3}},"loc":{"start":{"line":109,"column":16},"end":{"line":114,"column":3}},"line":109},"12":{"name":"(anonymous_12)","decl":{"start":{"line":116,"column":2},"end":{"line":116,"column":3}},"loc":{"start":{"line":116,"column":16},"end":{"line":121,"column":3}},"line":116},"13":{"name":"(anonymous_13)","decl":{"start":{"line":123,"column":2},"end":{"line":123,"column":3}},"loc":{"start":{"line":123,"column":15},"end":{"line":128,"column":3}},"line":123},"14":{"name":"(anonymous_14)","decl":{"start":{"line":130,"column":2},"end":{"line":130,"column":3}},"loc":{"start":{"line":130,"column":15},"end":{"line":135,"column":3}},"line":130},"15":{"name":"(anonymous_15)","decl":{"start":{"line":137,"column":2},"end":{"line":137,"column":3}},"loc":{"start":{"line":137,"column":12},"end":{"line":166,"column":3}},"line":137},"16":{"name":"(anonymous_16)","decl":{"start":{"line":153,"column":27},"end":{"line":153,"column":28}},"loc":{"start":{"line":153,"column":40},"end":{"line":153,"column":123}},"line":153},"17":{"name":"(anonymous_17)","decl":{"start":{"line":160,"column":28},"end":{"line":160,"column":29}},"loc":{"start":{"line":160,"column":41},"end":{"line":161,"column":53}},"line":160}},"branchMap":{"0":{"loc":{"start":{"line":40,"column":6},"end":{"line":45,"column":7}},"type":"if","locations":[{"start":{"line":40,"column":6},"end":{"line":45,"column":7}},{"start":{},"end":{}}],"line":40},"1":{"loc":{"start":{"line":42,"column":8},"end":{"line":44,"column":9}},"type":"if","locations":[{"start":{"line":42,"column":8},"end":{"line":44,"column":9}},{"start":{},"end":{}}],"line":42},"2":{"loc":{"start":{"line":54,"column":4},"end":{"line":58,"column":5}},"type":"if","locations":[{"start":{"line":54,"column":4},"end":{"line":58,"column":5}},{"start":{"line":56,"column":11},"end":{"line":58,"column":5}}],"line":54},"3":{"loc":{"start":{"line":54,"column":8},"end":{"line":54,"column":51}},"type":"binary-expr","locations":[{"start":{"line":54,"column":8},"end":{"line":54,"column":31}},{"start":{"line":54,"column":35},"end":{"line":54,"column":51}}],"line":54},"4":{"loc":{"start":{"line":59,"column":4},"end":{"line":74,"column":5}},"type":"if","locations":[{"start":{"line":59,"column":4},"end":{"line":74,"column":5}},{"start":{"line":66,"column":11},"end":{"line":74,"column":5}}],"line":59},"5":{"loc":{"start":{"line":67,"column":6},"end":{"line":73,"column":7}},"type":"if","locations":[{"start":{"line":67,"column":6},"end":{"line":73,"column":7}},{"start":{},"end":{}}],"line":67},"6":{"loc":{"start":{"line":80,"column":4},"end":{"line":84,"column":5}},"type":"if","locations":[{"start":{"line":80,"column":4},"end":{"line":84,"column":5}},{"start":{"line":82,"column":11},"end":{"line":84,"column":5}}],"line":80},"7":{"loc":{"start":{"line":80,"column":8},"end":{"line":80,"column":51}},"type":"binary-expr","locations":[{"start":{"line":80,"column":8},"end":{"line":80,"column":31}},{"start":{"line":80,"column":35},"end":{"line":80,"column":51}}],"line":80},"8":{"loc":{"start":{"line":87,"column":6},"end":{"line":89,"column":7}},"type":"if","locations":[{"start":{"line":87,"column":6},"end":{"line":89,"column":7}},{"start":{},"end":{}}],"line":87},"9":{"loc":{"start":{"line":99,"column":4},"end":{"line":103,"column":5}},"type":"if","locations":[{"start":{"line":99,"column":4},"end":{"line":103,"column":5}},{"start":{"line":101,"column":11},"end":{"line":103,"column":5}}],"line":99},"10":{"loc":{"start":{"line":99,"column":8},"end":{"line":99,"column":51}},"type":"binary-expr","locations":[{"start":{"line":99,"column":8},"end":{"line":99,"column":31}},{"start":{"line":99,"column":35},"end":{"line":99,"column":51}}],"line":99},"11":{"loc":{"start":{"line":146,"column":4},"end":{"line":146,"column":65}},"type":"if","locations":[{"start":{"line":146,"column":4},"end":{"line":146,"column":65}},{"start":{},"end":{}}],"line":146},"12":{"loc":{"start":{"line":147,"column":4},"end":{"line":147,"column":63}},"type":"if","locations":[{"start":{"line":147,"column":4},"end":{"line":147,"column":63}},{"start":{},"end":{}}],"line":147}},"s":{"0":1,"1":1,"2":1,"3":1,"4":1,"5":0,"6":0,"7":0,"8":0,"9":0,"10":0,"11":0,"12":0,"13":0,"14":0,"15":0,"16":0,"17":0,"18":0,"19":0,"20":0,"21":0,"22":0,"23":0,"24":0,"25":0,"26":0,"27":0,"28":0,"29":0,"30":0,"31":0,"32":0,"33":0,"34":0,"35":0,"36":0,"37":0,"38":0,"39":0,"40":0,"41":0,"42":1,"43":1,"44":0,"45":1,"46":1,"47":0,"48":0,"49":0,"50":0,"51":0,"52":0,"53":0,"54":0,"55":2,"56":2,"57":2,"58":2,"59":2,"60":2,"61":2,"62":0,"63":2,"64":0,"65":2,"66":0,"67":0},"f":{"0":1,"1":1,"2":1,"3":0,"4":0,"5":0,"6":0,"7":0,"8":0,"9":0,"10":1,"11":0,"12":0,"13":0,"14":0,"15":2,"16":0,"17":0},"b":{"0":[0,0],"1":[0,0],"2":[0,0],"3":[0,0],"4":[0,0],"5":[0,0],"6":[0,0],"7":[0,0],"8":[0,0],"9":[0,1],"10":[1,1],"11":[0,2],"12":[0,2]},"_coverageSchema":"1a1c01bbd47fc00a2c39e90264f33305004495a9","hash":"a7acae013fd9b5b8801c09c7d2ff0d319d17ee2c"}
,"/Users/tigerhong/hack-reactor/atelier-muon/client/src/components/Related Products/components/AddOutfit.jsx": {"path":"/Users/tigerhong/hack-reactor/atelier-muon/client/src/components/Related Products/components/AddOutfit.jsx","statementMap":{"0":{"start":{"line":4,"column":2},"end":{"line":9,"column":3}}},"fnMap":{"0":{"name":"AddOutfit","decl":{"start":{"line":3,"column":24},"end":{"line":3,"column":33}},"loc":{"start":{"line":3,"column":41},"end":{"line":10,"column":1}},"line":3}},"branchMap":{},"s":{"0":2},"f":{"0":2},"b":{},"_coverageSchema":"1a1c01bbd47fc00a2c39e90264f33305004495a9","hash":"adc1a2e7fa01521a0b06b0478c8f4e395a957773"}
,"/Users/tigerhong/hack-reactor/atelier-muon/client/src/components/Related Products/components/Cards.jsx": {"path":"/Users/tigerhong/hack-reactor/atelier-muon/client/src/components/Related Products/components/Cards.jsx","statementMap":{"0":{"start":{"line":8,"column":4},"end":{"line":8,"column":17}},"1":{"start":{"line":9,"column":4},"end":{"line":17,"column":5}},"2":{"start":{"line":27,"column":4},"end":{"line":27,"column":22}},"3":{"start":{"line":28,"column":4},"end":{"line":28,"column":20}},"4":{"start":{"line":29,"column":4},"end":{"line":29,"column":21}},"5":{"start":{"line":33,"column":4},"end":{"line":41,"column":38}},"6":{"start":{"line":36,"column":8},"end":{"line":39,"column":11}},"7":{"start":{"line":41,"column":20},"end":{"line":41,"column":36}},"8":{"start":{"line":45,"column":4},"end":{"line":77,"column":38}},"9":{"start":{"line":48,"column":25},"end":{"line":48,"column":30}},"10":{"start":{"line":49,"column":8},"end":{"line":63,"column":11}},"11":{"start":{"line":50,"column":10},"end":{"line":62,"column":11}},"12":{"start":{"line":51,"column":12},"end":{"line":51,"column":30}},"13":{"start":{"line":52,"column":28},"end":{"line":52,"column":30}},"14":{"start":{"line":53,"column":12},"end":{"line":55,"column":15}},"15":{"start":{"line":54,"column":14},"end":{"line":54,"column":50}},"16":{"start":{"line":56,"column":12},"end":{"line":61,"column":15}},"17":{"start":{"line":64,"column":8},"end":{"line":75,"column":9}},"18":{"start":{"line":65,"column":26},"end":{"line":65,"column":28}},"19":{"start":{"line":66,"column":10},"end":{"line":68,"column":13}},"20":{"start":{"line":67,"column":12},"end":{"line":67,"column":48}},"21":{"start":{"line":69,"column":10},"end":{"line":74,"column":13}},"22":{"start":{"line":77,"column":20},"end":{"line":77,"column":36}},"23":{"start":{"line":81,"column":25},"end":{"line":81,"column":56}},"24":{"start":{"line":82,"column":4},"end":{"line":89,"column":38}},"25":{"start":{"line":87,"column":8},"end":{"line":87,"column":48}},"26":{"start":{"line":89,"column":20},"end":{"line":89,"column":36}},"27":{"start":{"line":94,"column":4},"end":{"line":98,"column":5}},"28":{"start":{"line":94,"column":17},"end":{"line":94,"column":18}},"29":{"start":{"line":95,"column":6},"end":{"line":97,"column":7}},"30":{"start":{"line":96,"column":8},"end":{"line":96,"column":23}},"31":{"start":{"line":99,"column":16},"end":{"line":99,"column":98}},"32":{"start":{"line":100,"column":20},"end":{"line":100,"column":102}},"33":{"start":{"line":101,"column":18},"end":{"line":101,"column":35}},"34":{"start":{"line":102,"column":4},"end":{"line":104,"column":7}},"35":{"start":{"line":108,"column":4},"end":{"line":108,"column":52}},"36":{"start":{"line":112,"column":4},"end":{"line":112,"column":47}},"37":{"start":{"line":117,"column":4},"end":{"line":121,"column":5}},"38":{"start":{"line":118,"column":6},"end":{"line":118,"column":110}},"39":{"start":{"line":120,"column":6},"end":{"line":120,"column":64}},"40":{"start":{"line":122,"column":4},"end":{"line":138,"column":5}}},"fnMap":{"0":{"name":"(anonymous_0)","decl":{"start":{"line":7,"column":2},"end":{"line":7,"column":3}},"loc":{"start":{"line":7,"column":21},"end":{"line":18,"column":3}},"line":7},"1":{"name":"(anonymous_1)","decl":{"start":{"line":26,"column":2},"end":{"line":26,"column":3}},"loc":{"start":{"line":26,"column":22},"end":{"line":30,"column":3}},"line":26},"2":{"name":"(anonymous_2)","decl":{"start":{"line":32,"column":2},"end":{"line":32,"column":3}},"loc":{"start":{"line":32,"column":15},"end":{"line":42,"column":3}},"line":32},"3":{"name":"(anonymous_3)","decl":{"start":{"line":35,"column":12},"end":{"line":35,"column":13}},"loc":{"start":{"line":35,"column":22},"end":{"line":40,"column":7}},"line":35},"4":{"name":"(anonymous_4)","decl":{"start":{"line":41,"column":13},"end":{"line":41,"column":14}},"loc":{"start":{"line":41,"column":20},"end":{"line":41,"column":36}},"line":41},"5":{"name":"(anonymous_5)","decl":{"start":{"line":44,"column":2},"end":{"line":44,"column":3}},"loc":{"start":{"line":44,"column":13},"end":{"line":78,"column":3}},"line":44},"6":{"name":"(anonymous_6)","decl":{"start":{"line":47,"column":12},"end":{"line":47,"column":13}},"loc":{"start":{"line":47,"column":22},"end":{"line":76,"column":7}},"line":47},"7":{"name":"(anonymous_7)","decl":{"start":{"line":49,"column":34},"end":{"line":49,"column":35}},"loc":{"start":{"line":49,"column":45},"end":{"line":63,"column":9}},"line":49},"8":{"name":"(anonymous_8)","decl":{"start":{"line":53,"column":33},"end":{"line":53,"column":34}},"loc":{"start":{"line":53,"column":44},"end":{"line":55,"column":13}},"line":53},"9":{"name":"(anonymous_9)","decl":{"start":{"line":66,"column":46},"end":{"line":66,"column":47}},"loc":{"start":{"line":66,"column":57},"end":{"line":68,"column":11}},"line":66},"10":{"name":"(anonymous_10)","decl":{"start":{"line":77,"column":13},"end":{"line":77,"column":14}},"loc":{"start":{"line":77,"column":20},"end":{"line":77,"column":36}},"line":77},"11":{"name":"(anonymous_11)","decl":{"start":{"line":80,"column":2},"end":{"line":80,"column":3}},"loc":{"start":{"line":80,"column":14},"end":{"line":91,"column":3}},"line":80},"12":{"name":"(anonymous_12)","decl":{"start":{"line":86,"column":12},"end":{"line":86,"column":13}},"loc":{"start":{"line":86,"column":22},"end":{"line":88,"column":7}},"line":86},"13":{"name":"(anonymous_13)","decl":{"start":{"line":89,"column":13},"end":{"line":89,"column":14}},"loc":{"start":{"line":89,"column":20},"end":{"line":89,"column":36}},"line":89},"14":{"name":"(anonymous_14)","decl":{"start":{"line":93,"column":2},"end":{"line":93,"column":3}},"loc":{"start":{"line":93,"column":27},"end":{"line":105,"column":3}},"line":93},"15":{"name":"(anonymous_15)","decl":{"start":{"line":107,"column":2},"end":{"line":107,"column":3}},"loc":{"start":{"line":107,"column":15},"end":{"line":109,"column":3}},"line":107},"16":{"name":"(anonymous_16)","decl":{"start":{"line":111,"column":2},"end":{"line":111,"column":3}},"loc":{"start":{"line":111,"column":17},"end":{"line":113,"column":3}},"line":111},"17":{"name":"(anonymous_17)","decl":{"start":{"line":115,"column":2},"end":{"line":115,"column":3}},"loc":{"start":{"line":115,"column":12},"end":{"line":139,"column":3}},"line":115}},"branchMap":{"0":{"loc":{"start":{"line":50,"column":10},"end":{"line":62,"column":11}},"type":"if","locations":[{"start":{"line":50,"column":10},"end":{"line":62,"column":11}},{"start":{},"end":{}}],"line":50},"1":{"loc":{"start":{"line":64,"column":8},"end":{"line":75,"column":9}},"type":"if","locations":[{"start":{"line":64,"column":8},"end":{"line":75,"column":9}},{"start":{},"end":{}}],"line":64},"2":{"loc":{"start":{"line":95,"column":6},"end":{"line":97,"column":7}},"type":"if","locations":[{"start":{"line":95,"column":6},"end":{"line":97,"column":7}},{"start":{},"end":{}}],"line":95},"3":{"loc":{"start":{"line":117,"column":4},"end":{"line":121,"column":5}},"type":"if","locations":[{"start":{"line":117,"column":4},"end":{"line":121,"column":5}},{"start":{"line":119,"column":11},"end":{"line":121,"column":5}}],"line":117},"4":{"loc":{"start":{"line":127,"column":79},"end":{"line":128,"column":60}},"type":"cond-expr","locations":[{"start":{"line":127,"column":111},"end":{"line":127,"column":131}},{"start":{"line":128,"column":11},"end":{"line":128,"column":60}}],"line":127}},"s":{"0":1,"1":1,"2":1,"3":1,"4":1,"5":1,"6":0,"7":0,"8":1,"9":0,"10":0,"11":0,"12":0,"13":0,"14":0,"15":0,"16":0,"17":0,"18":0,"19":0,"20":0,"21":0,"22":0,"23":1,"24":1,"25":0,"26":0,"27":0,"28":0,"29":0,"30":0,"31":0,"32":0,"33":0,"34":0,"35":0,"36":0,"37":1,"38":0,"39":1,"40":1},"f":{"0":1,"1":1,"2":1,"3":0,"4":0,"5":1,"6":0,"7":0,"8":0,"9":0,"10":0,"11":1,"12":0,"13":0,"14":0,"15":0,"16":0,"17":1},"b":{"0":[0,0],"1":[0,0],"2":[0,0],"3":[0,1],"4":[1,0]},"_coverageSchema":"1a1c01bbd47fc00a2c39e90264f33305004495a9","hash":"ec5e7b2ec6a01806f81e053748aa0bb21f113fee"}
,"/Users/tigerhong/hack-reactor/atelier-muon/client/src/components/Related Products/components/Left.jsx": {"path":"/Users/tigerhong/hack-reactor/atelier-muon/client/src/components/Related Products/components/Left.jsx","statementMap":{"0":{"start":{"line":4,"column":2},"end":{"line":12,"column":3}},"1":{"start":{"line":5,"column":4},"end":{"line":5,"column":43}},"2":{"start":{"line":7,"column":4},"end":{"line":11,"column":5}}},"fnMap":{"0":{"name":"Left","decl":{"start":{"line":3,"column":24},"end":{"line":3,"column":28}},"loc":{"start":{"line":3,"column":36},"end":{"line":13,"column":1}},"line":3}},"branchMap":{"0":{"loc":{"start":{"line":4,"column":2},"end":{"line":12,"column":3}},"type":"if","locations":[{"start":{"line":4,"column":2},"end":{"line":12,"column":3}},{"start":{"line":6,"column":9},"end":{"line":12,"column":3}}],"line":4}},"s":{"0":4,"1":4,"2":0},"f":{"0":4},"b":{"0":[4,0]},"_coverageSchema":"1a1c01bbd47fc00a2c39e90264f33305004495a9","hash":"04cb94f775797e375cc4cea45edc2510acbc14e1"}
,"/Users/tigerhong/hack-reactor/atelier-muon/client/src/components/Related Products/components/Right.jsx": {"path":"/Users/tigerhong/hack-reactor/atelier-muon/client/src/components/Related Products/components/Right.jsx","statementMap":{"0":{"start":{"line":4,"column":2},"end":{"line":12,"column":3}},"1":{"start":{"line":5,"column":4},"end":{"line":9,"column":5}},"2":{"start":{"line":11,"column":4},"end":{"line":11,"column":44}}},"fnMap":{"0":{"name":"Left","decl":{"start":{"line":3,"column":24},"end":{"line":3,"column":28}},"loc":{"start":{"line":3,"column":36},"end":{"line":13,"column":1}},"line":3}},"branchMap":{"0":{"loc":{"start":{"line":4,"column":2},"end":{"line":12,"column":3}},"type":"if","locations":[{"start":{"line":4,"column":2},"end":{"line":12,"column":3}},{"start":{"line":10,"column":9},"end":{"line":12,"column":3}}],"line":4}},"s":{"0":4,"1":0,"2":4},"f":{"0":4},"b":{"0":[0,4]},"_coverageSchema":"1a1c01bbd47fc00a2c39e90264f33305004495a9","hash":"48d9e199016af3b7920b649bb94ccdeefa6b533c"}
,"/Users/tigerhong/hack-reactor/atelier-muon/client/src/components/Reviews/List.jsx": {"path":"/Users/tigerhong/hack-reactor/atelier-muon/client/src/components/Reviews/List.jsx","statementMap":{"0":{"start":{"line":6,"column":2},"end":{"line":6,"column":26}},"1":{"start":{"line":8,"column":2},"end":{"line":14,"column":3}},"2":{"start":{"line":11,"column":6},"end":{"line":11,"column":55}}},"fnMap":{"0":{"name":"List","decl":{"start":{"line":4,"column":24},"end":{"line":4,"column":28}},"loc":{"start":{"line":4,"column":36},"end":{"line":15,"column":1}},"line":4},"1":{"name":"(anonymous_1)","decl":{"start":{"line":10,"column":20},"end":{"line":10,"column":21}},"loc":{"start":{"line":10,"column":30},"end":{"line":12,"column":5}},"line":10}},"branchMap":{},"s":{"0":2,"1":2,"2":2},"f":{"0":2,"1":2},"b":{},"_coverageSchema":"1a1c01bbd47fc00a2c39e90264f33305004495a9","hash":"b9fd49587117eb4e9fb9421b92b735bbb9d04f54"}
,"/Users/tigerhong/hack-reactor/atelier-muon/client/src/components/Reviews/NewReviewModal.jsx": {"path":"/Users/tigerhong/hack-reactor/atelier-muon/client/src/components/Reviews/NewReviewModal.jsx","statementMap":{"0":{"start":{"line":6,"column":2},"end":{"line":24,"column":3}},"1":{"start":{"line":10,"column":27},"end":{"line":10,"column":39}}},"fnMap":{"0":{"name":"NewReviewModal","decl":{"start":{"line":4,"column":24},"end":{"line":4,"column":38}},"loc":{"start":{"line":4,"column":55},"end":{"line":25,"column":1}},"line":4},"1":{"name":"(anonymous_1)","decl":{"start":{"line":10,"column":20},"end":{"line":10,"column":21}},"loc":{"start":{"line":10,"column":26},"end":{"line":10,"column":40}},"line":10}},"branchMap":{},"s":{"0":0,"1":0},"f":{"0":0,"1":0},"b":{},"_coverageSchema":"1a1c01bbd47fc00a2c39e90264f33305004495a9","hash":"6ba45dcdd4215451d076a60e694ff23ce60593a9"}
,"/Users/tigerhong/hack-reactor/atelier-muon/client/src/components/Reviews/ProductBreakdown.jsx": {"path":"/Users/tigerhong/hack-reactor/atelier-muon/client/src/components/Reviews/ProductBreakdown.jsx","statementMap":{"0":{"start":{"line":4,"column":16},"end":{"line":4,"column":42}},"1":{"start":{"line":6,"column":2},"end":{"line":45,"column":3}}},"fnMap":{"0":{"name":"ProductBreakdown","decl":{"start":{"line":3,"column":24},"end":{"line":3,"column":40}},"loc":{"start":{"line":3,"column":48},"end":{"line":46,"column":1}},"line":3}},"branchMap":{"0":{"loc":{"start":{"line":8,"column":7},"end":{"line":12,"column":14}},"type":"binary-expr","locations":[{"start":{"line":8,"column":7},"end":{"line":8,"column":19}},{"start":{"line":9,"column":8},"end":{"line":12,"column":14}}],"line":8},"1":{"loc":{"start":{"line":14,"column":7},"end":{"line":18,"column":14}},"type":"binary-expr","locations":[{"start":{"line":14,"column":7},"end":{"line":14,"column":20}},{"start":{"line":15,"column":8},"end":{"line":18,"column":14}}],"line":14},"2":{"loc":{"start":{"line":20,"column":7},"end":{"line":24,"column":14}},"type":"binary-expr","locations":[{"start":{"line":20,"column":7},"end":{"line":20,"column":22}},{"start":{"line":21,"column":8},"end":{"line":24,"column":14}}],"line":20},"3":{"loc":{"start":{"line":26,"column":7},"end":{"line":30,"column":14}},"type":"binary-expr","locations":[{"start":{"line":26,"column":7},"end":{"line":26,"column":22}},{"start":{"line":27,"column":8},"end":{"line":30,"column":14}}],"line":26},"4":{"loc":{"start":{"line":32,"column":7},"end":{"line":36,"column":14}},"type":"binary-expr","locations":[{"start":{"line":32,"column":7},"end":{"line":32,"column":21}},{"start":{"line":33,"column":8},"end":{"line":36,"column":14}}],"line":32},"5":{"loc":{"start":{"line":38,"column":7},"end":{"line":42,"column":14}},"type":"binary-expr","locations":[{"start":{"line":38,"column":7},"end":{"line":38,"column":18}},{"start":{"line":39,"column":8},"end":{"line":42,"column":14}}],"line":38}},"s":{"0":1,"1":1},"f":{"0":1},"b":{"0":[1,0],"1":[1,0],"2":[1,1],"3":[1,1],"4":[1,1],"5":[1,1]},"_coverageSchema":"1a1c01bbd47fc00a2c39e90264f33305004495a9","hash":"353d4834746383b5d941e48869acc30edb165f8c"}
,"/Users/tigerhong/hack-reactor/atelier-muon/client/src/components/Reviews/RatingsBreakdown.jsx": {"path":"/Users/tigerhong/hack-reactor/atelier-muon/client/src/components/Reviews/RatingsBreakdown.jsx","statementMap":{"0":{"start":{"line":5,"column":27},"end":{"line":10,"column":3}},"1":{"start":{"line":6,"column":22},"end":{"line":6,"column":115}},"2":{"start":{"line":7,"column":25},"end":{"line":7,"column":127}},"3":{"start":{"line":8,"column":24},"end":{"line":8,"column":75}},"4":{"start":{"line":9,"column":4},"end":{"line":9,"column":25}},"5":{"start":{"line":12,"column":2},"end":{"line":16,"column":3}}},"fnMap":{"0":{"name":"RatingsBreakdown","decl":{"start":{"line":3,"column":24},"end":{"line":3,"column":40}},"loc":{"start":{"line":3,"column":48},"end":{"line":17,"column":1}},"line":3},"1":{"name":"(anonymous_1)","decl":{"start":{"line":5,"column":27},"end":{"line":5,"column":28}},"loc":{"start":{"line":5,"column":40},"end":{"line":10,"column":3}},"line":5}},"branchMap":{},"s":{"0":1,"1":1,"2":1,"3":1,"4":1,"5":1},"f":{"0":1,"1":1},"b":{},"_coverageSchema":"1a1c01bbd47fc00a2c39e90264f33305004495a9","hash":"8ef76b8a0d6d71d0cd842ea0927ac10041250473"}
,"/Users/tigerhong/hack-reactor/atelier-muon/client/src/components/Reviews/Reviews.jsx": {"path":"/Users/tigerhong/hack-reactor/atelier-muon/client/src/components/Reviews/Reviews.jsx","statementMap":{"0":{"start":{"line":9,"column":14},"end":{"line":9,"column":30}},"1":{"start":{"line":13,"column":38},"end":{"line":13,"column":53}},"2":{"start":{"line":14,"column":36},"end":{"line":14,"column":56}},"3":{"start":{"line":15,"column":36},"end":{"line":15,"column":48}},"4":{"start":{"line":16,"column":36},"end":{"line":16,"column":48}},"5":{"start":{"line":18,"column":19},"end":{"line":18,"column":52}},"6":{"start":{"line":21,"column":21},"end":{"line":37,"column":3}},"7":{"start":{"line":22,"column":4},"end":{"line":36,"column":8}},"8":{"start":{"line":32,"column":8},"end":{"line":32,"column":40}},"9":{"start":{"line":35,"column":8},"end":{"line":35,"column":46}},"10":{"start":{"line":39,"column":22},"end":{"line":54,"column":3}},"11":{"start":{"line":40,"column":4},"end":{"line":53,"column":8}},"12":{"start":{"line":49,"column":8},"end":{"line":49,"column":32}},"13":{"start":{"line":52,"column":8},"end":{"line":52,"column":47}},"14":{"start":{"line":57,"column":21},"end":{"line":59,"column":3}},"15":{"start":{"line":58,"column":4},"end":{"line":58,"column":25}},"16":{"start":{"line":61,"column":27},"end":{"line":64,"column":3}},"17":{"start":{"line":62,"column":4},"end":{"line":62,"column":27}},"18":{"start":{"line":63,"column":4},"end":{"line":63,"column":25}},"19":{"start":{"line":68,"column":2},"end":{"line":71,"column":9}},"20":{"start":{"line":69,"column":4},"end":{"line":69,"column":26}},"21":{"start":{"line":70,"column":4},"end":{"line":70,"column":18}},"22":{"start":{"line":76,"column":2},"end":{"line":99,"column":3}},"23":{"start":{"line":92,"column":34},"end":{"line":92,"column":53}}},"fnMap":{"0":{"name":"Reviews","decl":{"start":{"line":11,"column":24},"end":{"line":11,"column":31}},"loc":{"start":{"line":11,"column":39},"end":{"line":100,"column":1}},"line":11},"1":{"name":"(anonymous_1)","decl":{"start":{"line":21,"column":21},"end":{"line":21,"column":22}},"loc":{"start":{"line":21,"column":39},"end":{"line":37,"column":3}},"line":21},"2":{"name":"(anonymous_2)","decl":{"start":{"line":31,"column":12},"end":{"line":31,"column":13}},"loc":{"start":{"line":31,"column":22},"end":{"line":33,"column":7}},"line":31},"3":{"name":"(anonymous_3)","decl":{"start":{"line":34,"column":13},"end":{"line":34,"column":14}},"loc":{"start":{"line":34,"column":22},"end":{"line":36,"column":7}},"line":34},"4":{"name":"(anonymous_4)","decl":{"start":{"line":39,"column":22},"end":{"line":39,"column":23}},"loc":{"start":{"line":39,"column":28},"end":{"line":54,"column":3}},"line":39},"5":{"name":"(anonymous_5)","decl":{"start":{"line":48,"column":12},"end":{"line":48,"column":13}},"loc":{"start":{"line":48,"column":22},"end":{"line":50,"column":7}},"line":48},"6":{"name":"(anonymous_6)","decl":{"start":{"line":51,"column":13},"end":{"line":51,"column":14}},"loc":{"start":{"line":51,"column":22},"end":{"line":53,"column":7}},"line":51},"7":{"name":"(anonymous_7)","decl":{"start":{"line":57,"column":21},"end":{"line":57,"column":22}},"loc":{"start":{"line":57,"column":27},"end":{"line":59,"column":3}},"line":57},"8":{"name":"(anonymous_8)","decl":{"start":{"line":61,"column":27},"end":{"line":61,"column":28}},"loc":{"start":{"line":61,"column":41},"end":{"line":64,"column":3}},"line":61},"9":{"name":"(anonymous_9)","decl":{"start":{"line":68,"column":12},"end":{"line":68,"column":13}},"loc":{"start":{"line":68,"column":18},"end":{"line":71,"column":3}},"line":68},"10":{"name":"(anonymous_10)","decl":{"start":{"line":92,"column":27},"end":{"line":92,"column":28}},"loc":{"start":{"line":92,"column":33},"end":{"line":92,"column":54}},"line":92}},"branchMap":{"0":{"loc":{"start":{"line":81,"column":11},"end":{"line":82,"column":48}},"type":"binary-expr","locations":[{"start":{"line":81,"column":11},"end":{"line":81,"column":28}},{"start":{"line":82,"column":12},"end":{"line":82,"column":48}}],"line":81},"1":{"loc":{"start":{"line":84,"column":11},"end":{"line":85,"column":48}},"type":"binary-expr","locations":[{"start":{"line":84,"column":11},"end":{"line":84,"column":36}},{"start":{"line":85,"column":12},"end":{"line":85,"column":48}}],"line":84},"2":{"loc":{"start":{"line":95,"column":7},"end":{"line":96,"column":49}},"type":"binary-expr","locations":[{"start":{"line":95,"column":7},"end":{"line":95,"column":17}},{"start":{"line":96,"column":8},"end":{"line":96,"column":49}}],"line":95}},"s":{"0":1,"1":1,"2":1,"3":1,"4":1,"5":1,"6":1,"7":1,"8":0,"9":0,"10":1,"11":1,"12":0,"13":0,"14":1,"15":0,"16":1,"17":0,"18":0,"19":1,"20":1,"21":1,"22":1,"23":0},"f":{"0":1,"1":1,"2":0,"3":0,"4":1,"5":0,"6":0,"7":0,"8":0,"9":1,"10":0},"b":{"0":[1,0],"1":[1,0],"2":[1,0]},"_coverageSchema":"1a1c01bbd47fc00a2c39e90264f33305004495a9","hash":"83aaa71fad5e07d2349ff93196062968d28bc612"}
,"/Users/tigerhong/hack-reactor/atelier-muon/client/src/components/Reviews/Search.jsx": {"path":"/Users/tigerhong/hack-reactor/atelier-muon/client/src/components/Reviews/Search.jsx","statementMap":{"0":{"start":{"line":5,"column":2},"end":{"line":7,"column":3}}},"fnMap":{"0":{"name":"Search","decl":{"start":{"line":3,"column":24},"end":{"line":3,"column":30}},"loc":{"start":{"line":3,"column":33},"end":{"line":8,"column":1}},"line":3}},"branchMap":{},"s":{"0":0},"f":{"0":0},"b":{},"_coverageSchema":"1a1c01bbd47fc00a2c39e90264f33305004495a9","hash":"a663f82aff48a5888a85671c9b152f5765d6224b"}
,"/Users/tigerhong/hack-reactor/atelier-muon/client/src/components/Reviews/Sort.jsx": {"path":"/Users/tigerhong/hack-reactor/atelier-muon/client/src/components/Reviews/Sort.jsx","statementMap":{"0":{"start":{"line":5,"column":2},"end":{"line":11,"column":3}},"1":{"start":{"line":6,"column":43},"end":{"line":6,"column":75}}},"fnMap":{"0":{"name":"Sort","decl":{"start":{"line":3,"column":24},"end":{"line":3,"column":28}},"loc":{"start":{"line":3,"column":51},"end":{"line":12,"column":1}},"line":3},"1":{"name":"(anonymous_1)","decl":{"start":{"line":6,"column":34},"end":{"line":6,"column":35}},"loc":{"start":{"line":6,"column":41},"end":{"line":6,"column":77}},"line":6}},"branchMap":{},"s":{"0":1,"1":0},"f":{"0":1,"1":0},"b":{},"_coverageSchema":"1a1c01bbd47fc00a2c39e90264f33305004495a9","hash":"f16f85d5fcf74ad3c486314e8b230f0d84469473"}
,"/Users/tigerhong/hack-reactor/atelier-muon/client/src/components/Reviews/StarRating.jsx": {"path":"/Users/tigerhong/hack-reactor/atelier-muon/client/src/components/Reviews/StarRating.jsx","statementMap":{"0":{"start":{"line":4,"column":30},"end":{"line":4,"column":41}},"1":{"start":{"line":7,"column":2},"end":{"line":22,"column":3}},"2":{"start":{"line":10,"column":8},"end":{"line":10,"column":19}},"3":{"start":{"line":11,"column":8},"end":{"line":19,"column":9}},"4":{"start":{"line":16,"column":27},"end":{"line":16,"column":43}}},"fnMap":{"0":{"name":"StarRating","decl":{"start":{"line":3,"column":24},"end":{"line":3,"column":34}},"loc":{"start":{"line":3,"column":38},"end":{"line":23,"column":1}},"line":3},"1":{"name":"(anonymous_1)","decl":{"start":{"line":9,"column":25},"end":{"line":9,"column":26}},"loc":{"start":{"line":9,"column":42},"end":{"line":20,"column":7}},"line":9},"2":{"name":"(anonymous_2)","decl":{"start":{"line":16,"column":21},"end":{"line":16,"column":22}},"loc":{"start":{"line":16,"column":27},"end":{"line":16,"column":43}},"line":16}},"branchMap":{"0":{"loc":{"start":{"line":15,"column":23},"end":{"line":15,"column":77}},"type":"cond-expr","locations":[{"start":{"line":15,"column":41},"end":{"line":15,"column":57}},{"start":{"line":15,"column":60},"end":{"line":15,"column":77}}],"line":15}},"s":{"0":0,"1":0,"2":0,"3":0,"4":0},"f":{"0":0,"1":0,"2":0},"b":{"0":[0,0]},"_coverageSchema":"1a1c01bbd47fc00a2c39e90264f33305004495a9","hash":"e8a8e14cc0f6288c0d2bbfb13cfbf137551dad00"}
,"/Users/tigerhong/hack-reactor/atelier-muon/client/src/components/Reviews/Tile.jsx": {"path":"/Users/tigerhong/hack-reactor/atelier-muon/client/src/components/Reviews/Tile.jsx","statementMap":{"0":{"start":{"line":5,"column":15},"end":{"line":5,"column":27}},"1":{"start":{"line":7,"column":2},"end":{"line":15,"column":3}}},"fnMap":{"0":{"name":"Tile","decl":{"start":{"line":3,"column":24},"end":{"line":3,"column":28}},"loc":{"start":{"line":3,"column":36},"end":{"line":16,"column":1}},"line":3}},"branchMap":{"0":{"loc":{"start":{"line":11,"column":7},"end":{"line":12,"column":50}},"type":"binary-expr","locations":[{"start":{"line":11,"column":7},"end":{"line":11,"column":23}},{"start":{"line":12,"column":8},"end":{"line":12,"column":50}}],"line":11}},"s":{"0":3,"1":3},"f":{"0":3},"b":{"0":[3,0]},"_coverageSchema":"1a1c01bbd47fc00a2c39e90264f33305004495a9","hash":"c1696502b23f392f3d4b0c3c2746ca264bf62d49"}
}
