TN:
SF:client/src/App.jsx
FN:8,App
FN:13,(anonymous_1)
FN:17,(anonymous_2)
FN:25,(anonymous_3)
FNF:4
FNH:0
FNDA:0,App
FNDA:0,(anonymous_1)
FNDA:0,(anonymous_2)
FNDA:0,(anonymous_3)
DA:5,1
DA:10,0
DA:13,0
DA:17,0
DA:18,0
DA:19,0
DA:22,0
DA:25,0
LF:8
LH:1
BRF:0
BRH:0
end_of_record
TN:
SF:client/src/components/Global/Price.jsx
FN:4,(anonymous_0)
FN:12,(anonymous_1)
FNF:2
FNH:2
FNDA:2,(anonymous_0)
FNDA:2,(anonymous_1)
DA:5,2
DA:6,2
DA:14,2
DA:15,1
DA:17,1
DA:20,2
LF:6
LH:6
BRDA:14,0,0,1
BRDA:14,0,1,1
BRF:2
BRH:2
end_of_record
TN:
SF:client/src/components/Global/Star.jsx
FN:4,(anonymous_0)
FN:11,(anonymous_1)
FN:33,(anonymous_2)
FN:37,(anonymous_3)
FNF:4
FNH:4
FNDA:2,(anonymous_0)
FNDA:2,(anonymous_1)
FNDA:2,(anonymous_2)
FNDA:10,(anonymous_3)
DA:5,2
DA:6,2
DA:12,2
DA:13,2
DA:14,10
DA:15,3
DA:16,3
DA:17,7
DA:18,0
DA:19,0
DA:20,7
DA:21,1
DA:22,1
DA:23,6
DA:24,0
DA:25,0
DA:27,6
DA:30,2
DA:34,2
DA:35,2
DA:37,10
LF:21
LH:17
BRDA:14,0,0,3
BRDA:14,0,1,7
BRDA:17,1,0,0
BRDA:17,1,1,7
BRDA:20,2,0,1
BRDA:20,2,1,6
BRDA:23,3,0,0
BRDA:23,3,1,6
BRF:8
BRH:6
end_of_record
TN:
SF:client/src/components/Product Overview/Product Overview.jsx
FN:9,ProductOverview
FN:31,(anonymous_1)
FN:42,checkMarks
FN:54,ratingTranslate
FN:68,getSKUs
FN:81,getStyles
FN:84,(anonymous_6)
FN:95,(anonymous_7)
FN:98,getProduct
FN:101,(anonymous_9)
FN:107,(anonymous_10)
FN:110,getRating
FN:117,(anonymous_12)
FN:120,(anonymous_13)
FN:125,updateStyle
FN:145,updatePhoto
FN:152,sizeChange
FN:170,quantityChange
FNF:18
FNH:0
FNDA:0,ProductOverview
FNDA:0,(anonymous_1)
FNDA:0,checkMarks
FNDA:0,ratingTranslate
FNDA:0,getSKUs
FNDA:0,getStyles
FNDA:0,(anonymous_6)
FNDA:0,(anonymous_7)
FNDA:0,getProduct
FNDA:0,(anonymous_9)
FNDA:0,(anonymous_10)
FNDA:0,getRating
FNDA:0,(anonymous_12)
FNDA:0,(anonymous_13)
FNDA:0,updateStyle
FNDA:0,updatePhoto
FNDA:0,sizeChange
FNDA:0,quantityChange
DA:12,0
DA:13,0
DA:14,0
DA:15,0
DA:16,0
DA:17,0
DA:18,0
DA:20,0
DA:21,0
DA:22,0
DA:23,0
DA:24,0
DA:25,0
DA:31,0
DA:32,0
DA:33,0
DA:34,0
DA:35,0
DA:43,0
DA:44,0
DA:45,0
DA:46,0
DA:48,0
DA:51,0
DA:56,0
DA:57,0
DA:58,0
DA:61,0
DA:62,0
DA:63,0
DA:64,0
DA:65,0
DA:69,0
DA:70,0
DA:71,0
DA:72,0
DA:73,0
DA:76,0
DA:82,0
DA:86,0
DA:87,0
DA:88,0
DA:89,0
DA:90,0
DA:91,0
DA:92,0
DA:93,0
DA:95,0
DA:99,0
DA:102,0
DA:103,0
DA:104,0
DA:105,0
DA:107,0
DA:111,0
DA:112,0
DA:113,0
DA:118,0
DA:120,0
DA:126,0
DA:130,0
DA:132,0
DA:133,0
DA:134,0
DA:135,0
DA:136,0
DA:137,0
DA:138,0
DA:139,0
DA:140,0
DA:147,0
DA:148,0
DA:153,0
DA:155,0
DA:157,0
DA:158,0
DA:159,0
DA:160,0
DA:163,0
DA:164,0
DA:165,0
DA:166,0
DA:167,0
DA:171,0
DA:173,0
DA:179,0
DA:180,0
DA:189,0
LF:88
LH:0
BRDA:32,0,0,0
BRDA:32,0,1,0
BRDA:32,1,0,0
BRDA:32,1,1,0
BRDA:32,1,2,0
BRDA:45,2,0,0
BRDA:45,2,1,0
BRDA:57,3,0,0
BRDA:57,3,1,0
BRDA:71,4,0,0
BRDA:71,4,1,0
BRDA:133,5,0,0
BRDA:133,5,1,0
BRDA:159,6,0,0
BRDA:159,6,1,0
BRDA:179,7,0,0
BRDA:179,7,1,0
BRDA:179,8,0,0
BRDA:179,8,1,0
BRF:19
BRH:0
end_of_record
TN:
SF:client/src/components/Product Overview/Overview Components/Add Cart.jsx
FN:4,AddToCart
FN:6,addToCart
FN:13,(anonymous_2)
FN:16,(anonymous_3)
FN:24,(anonymous_4)
FN:32,(anonymous_5)
FNF:6
FNH:3
FNDA:2,AddToCart
FNDA:0,addToCart
FNDA:0,(anonymous_2)
FNDA:0,(anonymous_3)
FNDA:1,(anonymous_4)
FNDA:5,(anonymous_5)
DA:7,0
DA:10,0
DA:11,0
DA:14,0
DA:16,0
DA:20,2
DA:21,1
DA:25,1
DA:33,5
DA:42,1
LF:10
LH:5
BRDA:7,0,0,0
BRDA:7,0,1,0
BRDA:7,1,0,0
BRDA:7,1,1,0
BRDA:20,2,0,1
BRDA:20,2,1,1
BRF:6
BRH:2
end_of_record
TN:
SF:client/src/components/Product Overview/Overview Components/Image Gallery.jsx
FN:4,ImageGallery
FN:8,setFlag
FN:12,unsetFlag
FN:24,(anonymous_3)
FN:44,(anonymous_4)
FNF:5
FNH:2
FNDA:1,ImageGallery
FNDA:0,setFlag
FNDA:0,unsetFlag
FNDA:6,(anonymous_3)
FNDA:0,(anonymous_4)
DA:6,1
DA:9,0
DA:13,0
DA:16,1
DA:17,1
DA:25,6
DA:26,6
DA:33,0
DA:45,0
DA:46,0
LF:10
LH:5
BRDA:16,0,0,1
BRDA:16,0,1,0
BRDA:35,1,0,0
BRDA:35,1,1,0
BRF:4
BRH:1
end_of_record
TN:
SF:client/src/components/Product Overview/Overview Components/Product Information.jsx
FN:5,ProductInfo
FN:9,reviewScroll
FNF:2
FNH:1
FNDA:1,ProductInfo
FNDA:0,reviewScroll
DA:7,1
DA:10,0
DA:11,0
DA:14,1
DA:15,1
DA:29,0
LF:6
LH:3
BRDA:14,0,0,1
BRDA:14,0,1,0
BRF:2
BRH:1
end_of_record
TN:
SF:client/src/components/Product Overview/Overview Components/Style Selector.jsx
FN:3,StyleSelector
FN:13,(anonymous_1)
FNF:2
FNH:2
FNDA:1,StyleSelector
FNDA:6,(anonymous_1)
DA:10,1
DA:14,6
DA:15,1
DA:22,5
LF:4
LH:4
BRDA:14,0,0,1
BRDA:14,0,1,5
BRF:2
BRH:2
end_of_record
TN:
SF:client/src/components/Related Products/RelatedProducts.jsx
FN:9,(anonymous_0)
FN:19,(anonymous_1)
FN:24,(anonymous_2)
FN:27,(anonymous_3)
FN:33,(anonymous_4)
FN:36,(anonymous_5)
FN:38,(anonymous_6)
FN:39,(anonymous_7)
FN:50,(anonymous_8)
FN:77,(anonymous_9)
FN:97,(anonymous_10)
FN:109,(anonymous_11)
FN:116,(anonymous_12)
FN:123,(anonymous_13)
FN:130,(anonymous_14)
FN:137,(anonymous_15)
FN:153,(anonymous_16)
FN:160,(anonymous_17)
FNF:18
FNH:5
FNDA:1,(anonymous_0)
FNDA:1,(anonymous_1)
FNDA:1,(anonymous_2)
FNDA:0,(anonymous_3)
FNDA:0,(anonymous_4)
FNDA:0,(anonymous_5)
FNDA:0,(anonymous_6)
FNDA:0,(anonymous_7)
FNDA:0,(anonymous_8)
FNDA:0,(anonymous_9)
FNDA:1,(anonymous_10)
FNDA:0,(anonymous_11)
FNDA:0,(anonymous_12)
FNDA:0,(anonymous_13)
FNDA:0,(anonymous_14)
FNDA:2,(anonymous_15)
FNDA:0,(anonymous_16)
FNDA:0,(anonymous_17)
DA:10,1
DA:11,1
DA:20,1
DA:21,1
DA:25,1
DA:28,0
DA:29,0
DA:33,0
DA:37,0
DA:38,0
DA:39,0
DA:40,0
DA:41,0
DA:42,0
DA:43,0
DA:47,0
DA:51,0
DA:52,0
DA:53,0
DA:54,0
DA:55,0
DA:57,0
DA:59,0
DA:60,0
DA:61,0
DA:62,0
DA:63,0
DA:67,0
DA:68,0
DA:69,0
DA:70,0
DA:79,0
DA:80,0
DA:81,0
DA:83,0
DA:85,0
DA:87,0
DA:88,0
DA:91,0
DA:92,0
DA:98,1
DA:99,1
DA:100,0
DA:102,1
DA:104,1
DA:110,0
DA:111,0
DA:117,0
DA:118,0
DA:124,0
DA:125,0
DA:131,0
DA:132,0
DA:138,2
DA:139,2
DA:140,2
DA:141,2
DA:143,2
DA:144,2
DA:146,2
DA:147,2
DA:148,2
DA:153,0
DA:160,0
LF:64
LH:18
BRDA:40,0,0,0
BRDA:40,0,1,0
BRDA:42,1,0,0
BRDA:42,1,1,0
BRDA:54,2,0,0
BRDA:54,2,1,0
BRDA:54,3,0,0
BRDA:54,3,1,0
BRDA:59,4,0,0
BRDA:59,4,1,0
BRDA:67,5,0,0
BRDA:67,5,1,0
BRDA:80,6,0,0
BRDA:80,6,1,0
BRDA:80,7,0,0
BRDA:80,7,1,0
BRDA:87,8,0,0
BRDA:87,8,1,0
BRDA:99,9,0,0
BRDA:99,9,1,1
BRDA:99,10,0,1
BRDA:99,10,1,1
BRDA:146,11,0,0
BRDA:146,11,1,2
BRDA:147,12,0,0
BRDA:147,12,1,2
BRF:26
BRH:5
end_of_record
TN:
SF:client/src/components/Related Products/components/AddOutfit.jsx
FN:3,AddOutfit
FNF:1
FNH:1
FNDA:2,AddOutfit
DA:4,2
LF:1
LH:1
BRF:0
BRH:0
end_of_record
TN:
SF:client/src/components/Related Products/components/Cards.jsx
FN:7,(anonymous_0)
FN:26,(anonymous_1)
FN:32,(anonymous_2)
FN:35,(anonymous_3)
FN:41,(anonymous_4)
FN:44,(anonymous_5)
FN:47,(anonymous_6)
FN:49,(anonymous_7)
FN:53,(anonymous_8)
FN:66,(anonymous_9)
FN:77,(anonymous_10)
FN:80,(anonymous_11)
FN:86,(anonymous_12)
FN:89,(anonymous_13)
FN:93,(anonymous_14)
FN:107,(anonymous_15)
FN:111,(anonymous_16)
FN:115,(anonymous_17)
FNF:18
FNH:6
FNDA:1,(anonymous_0)
FNDA:1,(anonymous_1)
FNDA:1,(anonymous_2)
FNDA:0,(anonymous_3)
FNDA:0,(anonymous_4)
FNDA:1,(anonymous_5)
FNDA:0,(anonymous_6)
FNDA:0,(anonymous_7)
FNDA:0,(anonymous_8)
FNDA:0,(anonymous_9)
FNDA:0,(anonymous_10)
FNDA:1,(anonymous_11)
FNDA:0,(anonymous_12)
FNDA:0,(anonymous_13)
FNDA:0,(anonymous_14)
FNDA:0,(anonymous_15)
FNDA:0,(anonymous_16)
FNDA:1,(anonymous_17)
DA:8,1
DA:9,1
DA:27,1
DA:28,1
DA:29,1
DA:33,1
DA:36,0
DA:41,0
DA:45,1
DA:48,0
DA:49,0
DA:50,0
DA:51,0
DA:52,0
DA:53,0
DA:54,0
DA:56,0
DA:64,0
DA:65,0
DA:66,0
DA:67,0
DA:69,0
DA:77,0
DA:81,1
DA:82,1
DA:87,0
DA:89,0
DA:94,0
DA:95,0
DA:96,0
DA:99,0
DA:100,0
DA:101,0
DA:102,0
DA:108,0
DA:112,0
DA:117,1
DA:118,0
DA:120,1
DA:122,1
LF:40
LH:12
BRDA:50,0,0,0
BRDA:50,0,1,0
BRDA:64,1,0,0
BRDA:64,1,1,0
BRDA:95,2,0,0
BRDA:95,2,1,0
BRDA:117,3,0,0
BRDA:117,3,1,1
BRDA:127,4,0,1
BRDA:127,4,1,0
BRF:10
BRH:2
end_of_record
TN:
SF:client/src/components/Related Products/components/Left.jsx
FN:3,Left
FNF:1
FNH:1
FNDA:4,Left
DA:4,4
DA:5,4
DA:7,0
LF:3
LH:2
BRDA:4,0,0,4
BRDA:4,0,1,0
BRF:2
BRH:1
end_of_record
TN:
SF:client/src/components/Related Products/components/Right.jsx
FN:3,Left
FNF:1
FNH:1
FNDA:4,Left
DA:4,4
DA:5,0
DA:11,4
LF:3
LH:2
BRDA:4,0,0,0
BRDA:4,0,1,4
BRF:2
BRH:1
end_of_record
TN:
SF:client/src/components/Reviews/List.jsx
FN:4,List
FN:10,(anonymous_1)
FNF:2
FNH:2
FNDA:2,List
FNDA:2,(anonymous_1)
DA:6,2
DA:8,2
DA:11,2
LF:3
LH:3
BRF:0
BRH:0
end_of_record
TN:
SF:client/src/components/Reviews/NewReviewModal.jsx
FN:4,NewReviewModal
FN:10,(anonymous_1)
FNF:2
FNH:0
FNDA:0,NewReviewModal
FNDA:0,(anonymous_1)
DA:6,0
DA:10,0
LF:2
LH:0
BRF:0
BRH:0
end_of_record
TN:
SF:client/src/components/Reviews/ProductBreakdown.jsx
FN:3,ProductBreakdown
FNF:1
FNH:1
FNDA:1,ProductBreakdown
DA:4,1
DA:6,1
LF:2
LH:2
BRDA:8,0,0,1
BRDA:8,0,1,0
BRDA:14,1,0,1
BRDA:14,1,1,0
BRDA:20,2,0,1
BRDA:20,2,1,1
BRDA:26,3,0,1
BRDA:26,3,1,1
BRDA:32,4,0,1
BRDA:32,4,1,1
BRDA:38,5,0,1
BRDA:38,5,1,1
BRF:12
BRH:10
end_of_record
TN:
SF:client/src/components/Reviews/RatingsBreakdown.jsx
FN:3,RatingsBreakdown
FN:5,(anonymous_1)
FNF:2
FNH:2
FNDA:1,RatingsBreakdown
FNDA:1,(anonymous_1)
DA:5,1
DA:6,1
DA:7,1
DA:8,1
DA:9,1
DA:12,1
LF:6
LH:6
BRF:0
BRH:0
end_of_record
TN:
SF:client/src/components/Reviews/Reviews.jsx
FN:11,Reviews
FN:21,(anonymous_1)
FN:31,(anonymous_2)
FN:34,(anonymous_3)
FN:39,(anonymous_4)
FN:48,(anonymous_5)
FN:51,(anonymous_6)
FN:57,(anonymous_7)
FN:61,(anonymous_8)
FN:68,(anonymous_9)
FN:92,(anonymous_10)
FNF:11
FNH:4
FNDA:1,Reviews
FNDA:1,(anonymous_1)
FNDA:0,(anonymous_2)
FNDA:0,(anonymous_3)
FNDA:1,(anonymous_4)
FNDA:0,(anonymous_5)
FNDA:0,(anonymous_6)
FNDA:0,(anonymous_7)
FNDA:0,(anonymous_8)
FNDA:1,(anonymous_9)
FNDA:0,(anonymous_10)
DA:9,1
DA:13,1
DA:14,1
DA:15,1
DA:16,1
DA:18,1
DA:21,1
DA:22,1
DA:32,0
DA:35,0
DA:39,1
DA:40,1
DA:49,0
DA:52,0
DA:57,1
DA:58,0
DA:61,1
DA:62,0
DA:63,0
DA:68,1
DA:69,1
DA:70,1
DA:76,1
DA:92,0
LF:24
LH:16
BRDA:81,0,0,1
BRDA:81,0,1,0
BRDA:84,1,0,1
BRDA:84,1,1,0
BRDA:95,2,0,1
BRDA:95,2,1,0
BRF:6
BRH:3
end_of_record
TN:
SF:client/src/components/Reviews/Search.jsx
FN:3,Search
FNF:1
FNH:0
FNDA:0,Search
DA:5,0
LF:1
LH:0
BRF:0
BRH:0
end_of_record
TN:
SF:client/src/components/Reviews/Sort.jsx
FN:3,Sort
FN:6,(anonymous_1)
FNF:2
FNH:1
FNDA:1,Sort
FNDA:0,(anonymous_1)
DA:5,1
DA:6,0
LF:2
LH:1
BRF:0
BRH:0
end_of_record
TN:
SF:client/src/components/Reviews/StarRating.jsx
FN:3,StarRating
FN:9,(anonymous_1)
FN:16,(anonymous_2)
FNF:3
FNH:0
FNDA:0,StarRating
FNDA:0,(anonymous_1)
FNDA:0,(anonymous_2)
DA:4,0
DA:7,0
DA:10,0
DA:11,0
DA:16,0
LF:5
LH:0
BRDA:15,0,0,0
BRDA:15,0,1,0
BRF:2
BRH:0
end_of_record
TN:
SF:client/src/components/Reviews/Tile.jsx
FN:3,Tile
FNF:1
FNH:1
FNDA:3,Tile
DA:5,3
DA:7,3
LF:2
LH:2
BRDA:11,0,0,3
BRDA:11,0,1,0
BRF:2
BRH:1
end_of_record
